::1 - - [14/Jul/2016:18:21:14 +0000] "GET / HTTP/1.1" 304 - "-" "Mozilla/5.0 (X11; Linux x86_64) AppleWebKit/537.36 (KHTML, like Gecko) Chrome/51.0.2704.79 Safari/537.36"
::1 - - [14/Jul/2016:18:21:14 +0000] "GET /style.css HTTP/1.1" 304 - "http://localhost:3000/" "Mozilla/5.0 (X11; Linux x86_64) AppleWebKit/537.36 (KHTML, like Gecko) Chrome/51.0.2704.79 Safari/537.36"
::1 - - [14/Jul/2016:18:21:14 +0000] "GET /script.js HTTP/1.1" 200 4372 "http://localhost:3000/" "Mozilla/5.0 (X11; Linux x86_64) AppleWebKit/537.36 (KHTML, like Gecko) Chrome/51.0.2704.79 Safari/537.36"
::1 - - [14/Jul/2016:18:21:14 +0000] "GET /todos HTTP/1.1" 304 - "http://localhost:3000/" "Mozilla/5.0 (X11; Linux x86_64) AppleWebKit/537.36 (KHTML, like Gecko) Chrome/51.0.2704.79 Safari/537.36"
::1 - - [14/Jul/2016:18:21:14 +0000] "GET /bin.png HTTP/1.1" 304 - "http://localhost:3000/style.css" "Mozilla/5.0 (X11; Linux x86_64) AppleWebKit/537.36 (KHTML, like Gecko) Chrome/51.0.2704.79 Safari/537.36"
::1 - - [14/Jul/2016:18:21:14 +0000] "GET /favicon.ico HTTP/1.1" 200 14351 "http://localhost:3000/" "Mozilla/5.0 (X11; Linux x86_64) AppleWebKit/537.36 (KHTML, like Gecko) Chrome/51.0.2704.79 Safari/537.36"
::1 - - [14/Jul/2016:18:21:19 +0000] "POST /todos HTTP/1.1" 200 39 "http://localhost:3000/" "Mozilla/5.0 (X11; Linux x86_64) AppleWebKit/537.36 (KHTML, like Gecko) Chrome/51.0.2704.79 Safari/537.36"
::1 - - [14/Jul/2016:18:21:19 +0000] "GET /todos HTTP/1.1" 200 248 "http://localhost:3000/" "Mozilla/5.0 (X11; Linux x86_64) AppleWebKit/537.36 (KHTML, like Gecko) Chrome/51.0.2704.79 Safari/537.36"
::1 - - [14/Jul/2016:18:21:25 +0000] "DELETE /todos/56 HTTP/1.1" 200 28 "http://localhost:3000/" "Mozilla/5.0 (X11; Linux x86_64) AppleWebKit/537.36 (KHTML, like Gecko) Chrome/51.0.2704.79 Safari/537.36"
::1 - - [14/Jul/2016:18:21:25 +0000] "GET /todos HTTP/1.1" 200 186 "http://localhost:3000/" "Mozilla/5.0 (X11; Linux x86_64) AppleWebKit/537.36 (KHTML, like Gecko) Chrome/51.0.2704.79 Safari/537.36"
::1 - - [14/Jul/2016:18:21:28 +0000] "PUT /todos/54 HTTP/1.1" 200 42 "http://localhost:3000/" "Mozilla/5.0 (X11; Linux x86_64) AppleWebKit/537.36 (KHTML, like Gecko) Chrome/51.0.2704.79 Safari/537.36"
::1 - - [14/Jul/2016:18:21:28 +0000] "GET /todos HTTP/1.1" 200 190 "http://localhost:3000/" "Mozilla/5.0 (X11; Linux x86_64) AppleWebKit/537.36 (KHTML, like Gecko) Chrome/51.0.2704.79 Safari/537.36"
::1 - - [14/Jul/2016:18:21:31 +0000] "PUT /todos/54 HTTP/1.1" 200 43 "http://localhost:3000/" "Mozilla/5.0 (X11; Linux x86_64) AppleWebKit/537.36 (KHTML, like Gecko) Chrome/51.0.2704.79 Safari/537.36"
::1 - - [14/Jul/2016:18:21:31 +0000] "GET /todos HTTP/1.1" 200 186 "http://localhost:3000/" "Mozilla/5.0 (X11; Linux x86_64) AppleWebKit/537.36 (KHTML, like Gecko) Chrome/51.0.2704.79 Safari/537.36"
::1 - - [14/Jul/2016:18:21:32 +0000] "DELETE /todos/54 HTTP/1.1" 200 28 "http://localhost:3000/" "Mozilla/5.0 (X11; Linux x86_64) AppleWebKit/537.36 (KHTML, like Gecko) Chrome/51.0.2704.79 Safari/537.36"
::1 - - [14/Jul/2016:18:21:32 +0000] "GET /todos HTTP/1.1" 200 127 "http://localhost:3000/" "Mozilla/5.0 (X11; Linux x86_64) AppleWebKit/537.36 (KHTML, like Gecko) Chrome/51.0.2704.79 Safari/537.36"
::1 - - [14/Jul/2016:18:24:39 +0000] "GET / HTTP/1.1" 304 - "-" "Mozilla/5.0 (X11; Linux x86_64) AppleWebKit/537.36 (KHTML, like Gecko) Chrome/51.0.2704.79 Safari/537.36"
::1 - - [14/Jul/2016:18:24:39 +0000] "GET /style.css HTTP/1.1" 304 - "http://localhost:3000/" "Mozilla/5.0 (X11; Linux x86_64) AppleWebKit/537.36 (KHTML, like Gecko) Chrome/51.0.2704.79 Safari/537.36"
::1 - - [14/Jul/2016:18:24:39 +0000] "GET /script.js HTTP/1.1" 304 - "http://localhost:3000/" "Mozilla/5.0 (X11; Linux x86_64) AppleWebKit/537.36 (KHTML, like Gecko) Chrome/51.0.2704.79 Safari/537.36"
::1 - - [14/Jul/2016:18:24:40 +0000] "GET /todos HTTP/1.1" 304 - "http://localhost:3000/" "Mozilla/5.0 (X11; Linux x86_64) AppleWebKit/537.36 (KHTML, like Gecko) Chrome/51.0.2704.79 Safari/537.36"
::1 - - [14/Jul/2016:18:24:40 +0000] "GET /favicon.ico HTTP/1.1" 200 14351 "http://localhost:3000/" "Mozilla/5.0 (X11; Linux x86_64) AppleWebKit/537.36 (KHTML, like Gecko) Chrome/51.0.2704.79 Safari/537.36"
::1 - - [14/Jul/2016:18:24:41 +0000] "GET /style.css HTTP/1.1" 304 - "http://localhost:3000/" "Mozilla/5.0 (X11; Linux x86_64) AppleWebKit/537.36 (KHTML, like Gecko) Chrome/51.0.2704.79 Safari/537.36"
::1 - - [14/Jul/2016:18:24:44 +0000] "POST /todos HTTP/1.1" 200 40 "http://localhost:3000/" "Mozilla/5.0 (X11; Linux x86_64) AppleWebKit/537.36 (KHTML, like Gecko) Chrome/51.0.2704.79 Safari/537.36"
::1 - - [14/Jul/2016:18:24:44 +0000] "GET /todos HTTP/1.1" 200 190 "http://localhost:3000/" "Mozilla/5.0 (X11; Linux x86_64) AppleWebKit/537.36 (KHTML, like Gecko) Chrome/51.0.2704.79 Safari/537.36"
::1 - - [14/Jul/2016:18:28:54 +0000] "GET / HTTP/1.1" 304 - "-" "Mozilla/5.0 (X11; Linux x86_64) AppleWebKit/537.36 (KHTML, like Gecko) Chrome/51.0.2704.79 Safari/537.36"
::1 - - [14/Jul/2016:18:28:55 +0000] "GET /style.css HTTP/1.1" 304 - "http://localhost:3000/" "Mozilla/5.0 (X11; Linux x86_64) AppleWebKit/537.36 (KHTML, like Gecko) Chrome/51.0.2704.79 Safari/537.36"
::1 - - [14/Jul/2016:18:28:55 +0000] "GET /script.js HTTP/1.1" 304 - "http://localhost:3000/" "Mozilla/5.0 (X11; Linux x86_64) AppleWebKit/537.36 (KHTML, like Gecko) Chrome/51.0.2704.79 Safari/537.36"
::1 - - [14/Jul/2016:18:28:55 +0000] "GET /todos HTTP/1.1" 304 - "http://localhost:3000/" "Mozilla/5.0 (X11; Linux x86_64) AppleWebKit/537.36 (KHTML, like Gecko) Chrome/51.0.2704.79 Safari/537.36"
::1 - - [14/Jul/2016:18:28:55 +0000] "GET /bin.png HTTP/1.1" 304 - "http://localhost:3000/style.css" "Mozilla/5.0 (X11; Linux x86_64) AppleWebKit/537.36 (KHTML, like Gecko) Chrome/51.0.2704.79 Safari/537.36"
::1 - - [14/Jul/2016:18:28:55 +0000] "GET /favicon.ico HTTP/1.1" 200 14351 "http://localhost:3000/" "Mozilla/5.0 (X11; Linux x86_64) AppleWebKit/537.36 (KHTML, like Gecko) Chrome/51.0.2704.79 Safari/537.36"
::1 - - [14/Jul/2016:18:28:57 +0000] "GET /style.css HTTP/1.1" 304 - "http://localhost:3000/" "Mozilla/5.0 (X11; Linux x86_64) AppleWebKit/537.36 (KHTML, like Gecko) Chrome/51.0.2704.79 Safari/537.36"
::1 - - [14/Jul/2016:18:28:59 +0000] "POST /todos HTTP/1.1" 200 41 "http://localhost:3000/" "Mozilla/5.0 (X11; Linux x86_64) AppleWebKit/537.36 (KHTML, like Gecko) Chrome/51.0.2704.79 Safari/537.36"
::1 - - [14/Jul/2016:18:28:59 +0000] "GET /todos HTTP/1.1" 200 254 "http://localhost:3000/" "Mozilla/5.0 (X11; Linux x86_64) AppleWebKit/537.36 (KHTML, like Gecko) Chrome/51.0.2704.79 Safari/537.36"
::1 - - [14/Jul/2016:18:29:53 +0000] "GET / HTTP/1.1" 304 - "-" "Mozilla/5.0 (X11; Linux x86_64) AppleWebKit/537.36 (KHTML, like Gecko) Chrome/51.0.2704.79 Safari/537.36"
::1 - - [14/Jul/2016:18:29:53 +0000] "GET /style.css HTTP/1.1" 304 - "http://localhost:3000/" "Mozilla/5.0 (X11; Linux x86_64) AppleWebKit/537.36 (KHTML, like Gecko) Chrome/51.0.2704.79 Safari/537.36"
::1 - - [14/Jul/2016:18:29:53 +0000] "GET /script.js HTTP/1.1" 304 - "http://localhost:3000/" "Mozilla/5.0 (X11; Linux x86_64) AppleWebKit/537.36 (KHTML, like Gecko) Chrome/51.0.2704.79 Safari/537.36"
::1 - - [14/Jul/2016:18:29:53 +0000] "GET /todos HTTP/1.1" 304 - "http://localhost:3000/" "Mozilla/5.0 (X11; Linux x86_64) AppleWebKit/537.36 (KHTML, like Gecko) Chrome/51.0.2704.79 Safari/537.36"
::1 - - [14/Jul/2016:18:29:57 +0000] "POST /todos HTTP/1.1" 200 41 "http://localhost:3000/" "Mozilla/5.0 (X11; Linux x86_64) AppleWebKit/537.36 (KHTML, like Gecko) Chrome/51.0.2704.79 Safari/537.36"
::1 - - [14/Jul/2016:18:29:57 +0000] "GET /todos HTTP/1.1" 200 318 "http://localhost:3000/" "Mozilla/5.0 (X11; Linux x86_64) AppleWebKit/537.36 (KHTML, like Gecko) Chrome/51.0.2704.79 Safari/537.36"
::1 - - [14/Jul/2016:18:30:08 +0000] "POST /todos HTTP/1.1" 200 40 "http://localhost:3000/" "Mozilla/5.0 (X11; Linux x86_64) AppleWebKit/537.36 (KHTML, like Gecko) Chrome/51.0.2704.79 Safari/537.36"
::1 - - [14/Jul/2016:18:30:08 +0000] "GET /todos HTTP/1.1" 200 381 "http://localhost:3000/" "Mozilla/5.0 (X11; Linux x86_64) AppleWebKit/537.36 (KHTML, like Gecko) Chrome/51.0.2704.79 Safari/537.36"
::1 - - [14/Jul/2016:18:30:35 +0000] "GET / HTTP/1.1" 304 - "-" "Mozilla/5.0 (X11; Linux x86_64) AppleWebKit/537.36 (KHTML, like Gecko) Chrome/51.0.2704.79 Safari/537.36"
::1 - - [14/Jul/2016:18:30:35 +0000] "GET /style.css HTTP/1.1" 304 - "http://localhost:3000/" "Mozilla/5.0 (X11; Linux x86_64) AppleWebKit/537.36 (KHTML, like Gecko) Chrome/51.0.2704.79 Safari/537.36"
::1 - - [14/Jul/2016:18:30:35 +0000] "GET /script.js HTTP/1.1" 304 - "http://localhost:3000/" "Mozilla/5.0 (X11; Linux x86_64) AppleWebKit/537.36 (KHTML, like Gecko) Chrome/51.0.2704.79 Safari/537.36"
::1 - - [14/Jul/2016:18:30:35 +0000] "GET /todos HTTP/1.1" 304 - "http://localhost:3000/" "Mozilla/5.0 (X11; Linux x86_64) AppleWebKit/537.36 (KHTML, like Gecko) Chrome/51.0.2704.79 Safari/537.36"
::1 - - [14/Jul/2016:18:30:36 +0000] "DELETE /todos/60 HTTP/1.1" 200 28 "http://localhost:3000/" "Mozilla/5.0 (X11; Linux x86_64) AppleWebKit/537.36 (KHTML, like Gecko) Chrome/51.0.2704.79 Safari/537.36"
::1 - - [14/Jul/2016:18:30:36 +0000] "GET /todos HTTP/1.1" 200 318 "http://localhost:3000/" "Mozilla/5.0 (X11; Linux x86_64) AppleWebKit/537.36 (KHTML, like Gecko) Chrome/51.0.2704.79 Safari/537.36"
::1 - - [14/Jul/2016:18:30:40 +0000] "POST /todos HTTP/1.1" 200 43 "http://localhost:3000/" "Mozilla/5.0 (X11; Linux x86_64) AppleWebKit/537.36 (KHTML, like Gecko) Chrome/51.0.2704.79 Safari/537.36"
::1 - - [14/Jul/2016:18:30:40 +0000] "GET /todos HTTP/1.1" 200 384 "http://localhost:3000/" "Mozilla/5.0 (X11; Linux x86_64) AppleWebKit/537.36 (KHTML, like Gecko) Chrome/51.0.2704.79 Safari/537.36"
::1 - - [14/Jul/2016:18:30:49 +0000] "DELETE /todos/61 HTTP/1.1" 200 28 "http://localhost:3000/" "Mozilla/5.0 (X11; Linux x86_64) AppleWebKit/537.36 (KHTML, like Gecko) Chrome/51.0.2704.79 Safari/537.36"
::1 - - [14/Jul/2016:18:30:49 +0000] "GET /todos HTTP/1.1" 200 318 "http://localhost:3000/" "Mozilla/5.0 (X11; Linux x86_64) AppleWebKit/537.36 (KHTML, like Gecko) Chrome/51.0.2704.79 Safari/537.36"
::1 - - [14/Jul/2016:18:30:50 +0000] "DELETE /todos/59 HTTP/1.1" 200 28 "http://localhost:3000/" "Mozilla/5.0 (X11; Linux x86_64) AppleWebKit/537.36 (KHTML, like Gecko) Chrome/51.0.2704.79 Safari/537.36"
::1 - - [14/Jul/2016:18:30:50 +0000] "GET /todos HTTP/1.1" 200 254 "http://localhost:3000/" "Mozilla/5.0 (X11; Linux x86_64) AppleWebKit/537.36 (KHTML, like Gecko) Chrome/51.0.2704.79 Safari/537.36"
::1 - - [14/Jul/2016:18:30:51 +0000] "DELETE /todos/58 HTTP/1.1" 200 28 "http://localhost:3000/" "Mozilla/5.0 (X11; Linux x86_64) AppleWebKit/537.36 (KHTML, like Gecko) Chrome/51.0.2704.79 Safari/537.36"
::1 - - [14/Jul/2016:18:30:51 +0000] "GET /todos HTTP/1.1" 200 190 "http://localhost:3000/" "Mozilla/5.0 (X11; Linux x86_64) AppleWebKit/537.36 (KHTML, like Gecko) Chrome/51.0.2704.79 Safari/537.36"
::1 - - [14/Jul/2016:18:49:07 +0000] "GET /todos HTTP/1.1" 200 190 "-" "Mozilla/5.0 (X11; Linux x86_64) AppleWebKit/537.36 (KHTML, like Gecko) Chrome/51.0.2704.79 Safari/537.36"
::1 - - [14/Jul/2016:18:49:29 +0000] "GET / HTTP/1.1" 200 623 "-" "Mozilla/5.0 (X11; Linux x86_64) AppleWebKit/537.36 (KHTML, like Gecko) Chrome/51.0.2704.79 Safari/537.36"
::1 - - [14/Jul/2016:18:49:29 +0000] "GET /style.css HTTP/1.1" 304 - "http://localhost:3000/" "Mozilla/5.0 (X11; Linux x86_64) AppleWebKit/537.36 (KHTML, like Gecko) Chrome/51.0.2704.79 Safari/537.36"
::1 - - [14/Jul/2016:18:49:29 +0000] "GET /scriptRefactor.js HTTP/1.1" 200 3524 "http://localhost:3000/" "Mozilla/5.0 (X11; Linux x86_64) AppleWebKit/537.36 (KHTML, like Gecko) Chrome/51.0.2704.79 Safari/537.36"
::1 - - [14/Jul/2016:18:49:29 +0000] "GET /todos HTTP/1.1" 304 - "http://localhost:3000/" "Mozilla/5.0 (X11; Linux x86_64) AppleWebKit/537.36 (KHTML, like Gecko) Chrome/51.0.2704.79 Safari/537.36"
::1 - - [14/Jul/2016:18:49:29 +0000] "GET /favicon.ico HTTP/1.1" 200 14351 "http://localhost:3000/" "Mozilla/5.0 (X11; Linux x86_64) AppleWebKit/537.36 (KHTML, like Gecko) Chrome/51.0.2704.79 Safari/537.36"
::1 - - [14/Jul/2016:18:49:31 +0000] "GET /style.css HTTP/1.1" 304 - "http://localhost:3000/" "Mozilla/5.0 (X11; Linux x86_64) AppleWebKit/537.36 (KHTML, like Gecko) Chrome/51.0.2704.79 Safari/537.36"
::1 - - [14/Jul/2016:18:49:34 +0000] "POST /todos HTTP/1.1" 200 41 "http://localhost:3000/" "Mozilla/5.0 (X11; Linux x86_64) AppleWebKit/537.36 (KHTML, like Gecko) Chrome/51.0.2704.79 Safari/537.36"
::1 - - [14/Jul/2016:18:49:52 +0000] "DELETE /todos/62 HTTP/1.1" 200 60 "http://localhost:3000/" "Mozilla/5.0 (X11; Linux x86_64) AppleWebKit/537.36 (KHTML, like Gecko) Chrome/51.0.2704.79 Safari/537.36"
::1 - - [14/Jul/2016:18:49:54 +0000] "PUT /todos/57 HTTP/1.1" 200 41 "http://localhost:3000/" "Mozilla/5.0 (X11; Linux x86_64) AppleWebKit/537.36 (KHTML, like Gecko) Chrome/51.0.2704.79 Safari/537.36"
::1 - - [14/Jul/2016:18:49:55 +0000] "PUT /todos/57%20checked HTTP/1.1" 200 50 "http://localhost:3000/" "Mozilla/5.0 (X11; Linux x86_64) AppleWebKit/537.36 (KHTML, like Gecko) Chrome/51.0.2704.79 Safari/537.36"
::1 - - [14/Jul/2016:18:50:01 +0000] "PUT /todos/57 HTTP/1.1" 200 41 "http://localhost:3000/" "Mozilla/5.0 (X11; Linux x86_64) AppleWebKit/537.36 (KHTML, like Gecko) Chrome/51.0.2704.79 Safari/537.36"
::1 - - [14/Jul/2016:18:50:02 +0000] "PUT /todos/30 HTTP/1.1" 200 47 "http://localhost:3000/" "Mozilla/5.0 (X11; Linux x86_64) AppleWebKit/537.36 (KHTML, like Gecko) Chrome/51.0.2704.79 Safari/537.36"
::1 - - [14/Jul/2016:18:50:03 +0000] "PUT /todos/30%20checked HTTP/1.1" 200 54 "http://localhost:3000/" "Mozilla/5.0 (X11; Linux x86_64) AppleWebKit/537.36 (KHTML, like Gecko) Chrome/51.0.2704.79 Safari/537.36"
::1 - - [14/Jul/2016:18:50:08 +0000] "PUT /todos/55%20checked HTTP/1.1" 200 50 "http://localhost:3000/" "Mozilla/5.0 (X11; Linux x86_64) AppleWebKit/537.36 (KHTML, like Gecko) Chrome/51.0.2704.79 Safari/537.36"
::1 - - [14/Jul/2016:18:50:59 +0000] "GET / HTTP/1.1" 304 - "-" "Mozilla/5.0 (X11; Linux x86_64) AppleWebKit/537.36 (KHTML, like Gecko) Chrome/51.0.2704.79 Safari/537.36"
::1 - - [14/Jul/2016:18:51:00 +0000] "GET /style.css HTTP/1.1" 200 1285 "http://localhost:3000/" "Mozilla/5.0 (X11; Linux x86_64) AppleWebKit/537.36 (KHTML, like Gecko) Chrome/51.0.2704.79 Safari/537.36"
::1 - - [14/Jul/2016:18:51:00 +0000] "GET /scriptRefactor.js HTTP/1.1" 304 - "http://localhost:3000/" "Mozilla/5.0 (X11; Linux x86_64) AppleWebKit/537.36 (KHTML, like Gecko) Chrome/51.0.2704.79 Safari/537.36"
::1 - - [14/Jul/2016:18:51:00 +0000] "GET /todos HTTP/1.1" 200 193 "http://localhost:3000/" "Mozilla/5.0 (X11; Linux x86_64) AppleWebKit/537.36 (KHTML, like Gecko) Chrome/51.0.2704.79 Safari/537.36"
::1 - - [14/Jul/2016:18:51:00 +0000] "GET /bin.png HTTP/1.1" 304 - "http://localhost:3000/" "Mozilla/5.0 (X11; Linux x86_64) AppleWebKit/537.36 (KHTML, like Gecko) Chrome/51.0.2704.79 Safari/537.36"
::1 - - [14/Jul/2016:18:51:02 +0000] "PUT /todos/30 HTTP/1.1" 200 47 "http://localhost:3000/" "Mozilla/5.0 (X11; Linux x86_64) AppleWebKit/537.36 (KHTML, like Gecko) Chrome/51.0.2704.79 Safari/537.36"
::1 - - [14/Jul/2016:18:51:03 +0000] "PUT /todos/30%20checked HTTP/1.1" 200 54 "http://localhost:3000/" "Mozilla/5.0 (X11; Linux x86_64) AppleWebKit/537.36 (KHTML, like Gecko) Chrome/51.0.2704.79 Safari/537.36"
::1 - - [14/Jul/2016:18:51:05 +0000] "POST /todos HTTP/1.1" 200 40 "http://localhost:3000/" "Mozilla/5.0 (X11; Linux x86_64) AppleWebKit/537.36 (KHTML, like Gecko) Chrome/51.0.2704.79 Safari/537.36"
::1 - - [14/Jul/2016:18:51:08 +0000] "DELETE /todos/63 HTTP/1.1" 200 59 "http://localhost:3000/" "Mozilla/5.0 (X11; Linux x86_64) AppleWebKit/537.36 (KHTML, like Gecko) Chrome/51.0.2704.79 Safari/537.36"
::1 - - [14/Jul/2016:18:51:09 +0000] "DELETE /todos/57%20checked HTTP/1.1" 200 66 "http://localhost:3000/" "Mozilla/5.0 (X11; Linux x86_64) AppleWebKit/537.36 (KHTML, like Gecko) Chrome/51.0.2704.79 Safari/537.36"
::1 - - [14/Jul/2016:18:51:09 +0000] "DELETE /todos/55%20checked HTTP/1.1" 200 67 "http://localhost:3000/" "Mozilla/5.0 (X11; Linux x86_64) AppleWebKit/537.36 (KHTML, like Gecko) Chrome/51.0.2704.79 Safari/537.36"
::1 - - [14/Jul/2016:18:51:10 +0000] "DELETE /todos/30%20checked HTTP/1.1" 200 71 "http://localhost:3000/" "Mozilla/5.0 (X11; Linux x86_64) AppleWebKit/537.36 (KHTML, like Gecko) Chrome/51.0.2704.79 Safari/537.36"
::1 - - [14/Jul/2016:18:51:12 +0000] "POST /todos HTTP/1.1" 200 41 "http://localhost:3000/" "Mozilla/5.0 (X11; Linux x86_64) AppleWebKit/537.36 (KHTML, like Gecko) Chrome/51.0.2704.79 Safari/537.36"
::1 - - [14/Jul/2016:18:51:14 +0000] "PUT /todos/64%20checked HTTP/1.1" 200 50 "http://localhost:3000/" "Mozilla/5.0 (X11; Linux x86_64) AppleWebKit/537.36 (KHTML, like Gecko) Chrome/51.0.2704.79 Safari/537.36"
::1 - - [14/Jul/2016:18:51:15 +0000] "PUT /todos/64 HTTP/1.1" 200 43 "http://localhost:3000/" "Mozilla/5.0 (X11; Linux x86_64) AppleWebKit/537.36 (KHTML, like Gecko) Chrome/51.0.2704.79 Safari/537.36"
::1 - - [14/Jul/2016:18:51:16 +0000] "DELETE /todos/64 HTTP/1.1" 200 60 "http://localhost:3000/" "Mozilla/5.0 (X11; Linux x86_64) AppleWebKit/537.36 (KHTML, like Gecko) Chrome/51.0.2704.79 Safari/537.36"
::1 - - [14/Jul/2016:19:01:02 +0000] "GET / HTTP/1.1" 304 - "-" "Mozilla/5.0 (X11; Linux x86_64) AppleWebKit/537.36 (KHTML, like Gecko) Chrome/51.0.2704.79 Safari/537.36"
::1 - - [14/Jul/2016:19:01:02 +0000] "GET /style.css HTTP/1.1" 200 1285 "http://localhost:3000/" "Mozilla/5.0 (X11; Linux x86_64) AppleWebKit/537.36 (KHTML, like Gecko) Chrome/51.0.2704.79 Safari/537.36"
::1 - - [14/Jul/2016:19:01:02 +0000] "GET /scriptRefactor.js HTTP/1.1" 304 - "http://localhost:3000/" "Mozilla/5.0 (X11; Linux x86_64) AppleWebKit/537.36 (KHTML, like Gecko) Chrome/51.0.2704.79 Safari/537.36"
::1 - - [14/Jul/2016:19:01:02 +0000] "GET /todos HTTP/1.1" 200 2 "http://localhost:3000/" "Mozilla/5.0 (X11; Linux x86_64) AppleWebKit/537.36 (KHTML, like Gecko) Chrome/51.0.2704.79 Safari/537.36"
::1 - - [14/Jul/2016:19:01:02 +0000] "GET /favicon.ico HTTP/1.1" 200 14351 "http://localhost:3000/" "Mozilla/5.0 (X11; Linux x86_64) AppleWebKit/537.36 (KHTML, like Gecko) Chrome/51.0.2704.79 Safari/537.36"
::1 - - [14/Jul/2016:19:01:05 +0000] "GET /style.css HTTP/1.1" 304 - "http://localhost:3000/" "Mozilla/5.0 (X11; Linux x86_64) AppleWebKit/537.36 (KHTML, like Gecko) Chrome/51.0.2704.79 Safari/537.36"
::1 - - [14/Jul/2016:19:01:09 +0000] "GET / HTTP/1.1" 304 - "-" "Mozilla/5.0 (X11; Linux x86_64) AppleWebKit/537.36 (KHTML, like Gecko) Chrome/51.0.2704.79 Safari/537.36"
::1 - - [14/Jul/2016:19:01:09 +0000] "GET /style.css HTTP/1.1" 304 - "http://localhost:3000/" "Mozilla/5.0 (X11; Linux x86_64) AppleWebKit/537.36 (KHTML, like Gecko) Chrome/51.0.2704.79 Safari/537.36"
::1 - - [14/Jul/2016:19:01:09 +0000] "GET /scriptRefactor.js HTTP/1.1" 304 - "http://localhost:3000/" "Mozilla/5.0 (X11; Linux x86_64) AppleWebKit/537.36 (KHTML, like Gecko) Chrome/51.0.2704.79 Safari/537.36"
::1 - - [14/Jul/2016:19:01:09 +0000] "GET /todos HTTP/1.1" 304 - "http://localhost:3000/" "Mozilla/5.0 (X11; Linux x86_64) AppleWebKit/537.36 (KHTML, like Gecko) Chrome/51.0.2704.79 Safari/537.36"
::1 - - [14/Jul/2016:19:01:12 +0000] "POST /todos HTTP/1.1" 200 41 "http://localhost:3000/" "Mozilla/5.0 (X11; Linux x86_64) AppleWebKit/537.36 (KHTML, like Gecko) Chrome/51.0.2704.79 Safari/537.36"
::1 - - [14/Jul/2016:19:01:12 +0000] "GET /bin.png HTTP/1.1" 304 - "http://localhost:3000/" "Mozilla/5.0 (X11; Linux x86_64) AppleWebKit/537.36 (KHTML, like Gecko) Chrome/51.0.2704.79 Safari/537.36"
::1 - - [14/Jul/2016:19:01:15 +0000] "PUT /todos/65%20checked HTTP/1.1" 200 50 "http://localhost:3000/" "Mozilla/5.0 (X11; Linux x86_64) AppleWebKit/537.36 (KHTML, like Gecko) Chrome/51.0.2704.79 Safari/537.36"
::1 - - [14/Jul/2016:19:01:34 +0000] "POST /todos HTTP/1.1" 200 41 "http://localhost:3000/" "Mozilla/5.0 (X11; Linux x86_64) AppleWebKit/537.36 (KHTML, like Gecko) Chrome/51.0.2704.79 Safari/537.36"
::1 - - [14/Jul/2016:19:01:37 +0000] "POST /todos HTTP/1.1" 200 43 "http://localhost:3000/" "Mozilla/5.0 (X11; Linux x86_64) AppleWebKit/537.36 (KHTML, like Gecko) Chrome/51.0.2704.79 Safari/537.36"
::1 - - [14/Jul/2016:19:01:43 +0000] "POST /todos HTTP/1.1" 200 42 "http://localhost:3000/" "Mozilla/5.0 (X11; Linux x86_64) AppleWebKit/537.36 (KHTML, like Gecko) Chrome/51.0.2704.79 Safari/537.36"
::1 - - [14/Jul/2016:19:01:45 +0000] "DELETE /todos/68 HTTP/1.1" 200 61 "http://localhost:3000/" "Mozilla/5.0 (X11; Linux x86_64) AppleWebKit/537.36 (KHTML, like Gecko) Chrome/51.0.2704.79 Safari/537.36"
::1 - - [14/Jul/2016:19:01:48 +0000] "DELETE /todos/67 HTTP/1.1" 200 62 "http://localhost:3000/" "Mozilla/5.0 (X11; Linux x86_64) AppleWebKit/537.36 (KHTML, like Gecko) Chrome/51.0.2704.79 Safari/537.36"
::1 - - [14/Jul/2016:19:01:48 +0000] "PUT /todos/66%20checked HTTP/1.1" 200 50 "http://localhost:3000/" "Mozilla/5.0 (X11; Linux x86_64) AppleWebKit/537.36 (KHTML, like Gecko) Chrome/51.0.2704.79 Safari/537.36"
::1 - - [14/Jul/2016:19:01:50 +0000] "PUT /todos/66 HTTP/1.1" 200 43 "http://localhost:3000/" "Mozilla/5.0 (X11; Linux x86_64) AppleWebKit/537.36 (KHTML, like Gecko) Chrome/51.0.2704.79 Safari/537.36"
::1 - - [14/Jul/2016:19:01:50 +0000] "DELETE /todos/66 HTTP/1.1" 200 60 "http://localhost:3000/" "Mozilla/5.0 (X11; Linux x86_64) AppleWebKit/537.36 (KHTML, like Gecko) Chrome/51.0.2704.79 Safari/537.36"
::1 - - [14/Jul/2016:19:01:52 +0000] "DELETE /todos/65%20checked HTTP/1.1" 200 67 "http://localhost:3000/" "Mozilla/5.0 (X11; Linux x86_64) AppleWebKit/537.36 (KHTML, like Gecko) Chrome/51.0.2704.79 Safari/537.36"
::1 - - [14/Jul/2016:19:02:31 +0000] "GET / HTTP/1.1" 304 - "-" "Mozilla/5.0 (X11; Linux x86_64) AppleWebKit/537.36 (KHTML, like Gecko) Chrome/51.0.2704.79 Safari/537.36"
::1 - - [14/Jul/2016:19:02:31 +0000] "GET /style.css HTTP/1.1" 304 - "http://localhost:3000/" "Mozilla/5.0 (X11; Linux x86_64) AppleWebKit/537.36 (KHTML, like Gecko) Chrome/51.0.2704.79 Safari/537.36"
::1 - - [14/Jul/2016:19:02:31 +0000] "GET /scriptRefactor.js HTTP/1.1" 304 - "http://localhost:3000/" "Mozilla/5.0 (X11; Linux x86_64) AppleWebKit/537.36 (KHTML, like Gecko) Chrome/51.0.2704.79 Safari/537.36"
::1 - - [14/Jul/2016:19:02:31 +0000] "GET /todos HTTP/1.1" 200 2 "http://localhost:3000/" "Mozilla/5.0 (X11; Linux x86_64) AppleWebKit/537.36 (KHTML, like Gecko) Chrome/51.0.2704.79 Safari/537.36"
::1 - - [14/Jul/2016:19:02:37 +0000] "POST /todos HTTP/1.1" 200 39 "http://localhost:3000/" "Mozilla/5.0 (X11; Linux x86_64) AppleWebKit/537.36 (KHTML, like Gecko) Chrome/51.0.2704.79 Safari/537.36"
::1 - - [14/Jul/2016:19:02:42 +0000] "POST /todos HTTP/1.1" 200 41 "http://localhost:3000/" "Mozilla/5.0 (X11; Linux x86_64) AppleWebKit/537.36 (KHTML, like Gecko) Chrome/51.0.2704.79 Safari/537.36"
::1 - - [14/Jul/2016:19:02:44 +0000] "PUT /todos/70%20checked HTTP/1.1" 200 50 "http://localhost:3000/" "Mozilla/5.0 (X11; Linux x86_64) AppleWebKit/537.36 (KHTML, like Gecko) Chrome/51.0.2704.79 Safari/537.36"
::1 - - [14/Jul/2016:19:02:45 +0000] "PUT /todos/70 HTTP/1.1" 200 43 "http://localhost:3000/" "Mozilla/5.0 (X11; Linux x86_64) AppleWebKit/537.36 (KHTML, like Gecko) Chrome/51.0.2704.79 Safari/537.36"
::1 - - [14/Jul/2016:19:02:47 +0000] "DELETE /todos/69 HTTP/1.1" 200 58 "http://localhost:3000/" "Mozilla/5.0 (X11; Linux x86_64) AppleWebKit/537.36 (KHTML, like Gecko) Chrome/51.0.2704.79 Safari/537.36"
::1 - - [14/Jul/2016:19:02:48 +0000] "DELETE /todos/70 HTTP/1.1" 200 60 "http://localhost:3000/" "Mozilla/5.0 (X11; Linux x86_64) AppleWebKit/537.36 (KHTML, like Gecko) Chrome/51.0.2704.79 Safari/537.36"
::1 - - [14/Jul/2016:19:03:02 +0000] "POST /todos HTTP/1.1" 200 45 "http://localhost:3000/" "Mozilla/5.0 (X11; Linux x86_64) AppleWebKit/537.36 (KHTML, like Gecko) Chrome/51.0.2704.79 Safari/537.36"
::1 - - [14/Jul/2016:19:03:05 +0000] "POST /todos HTTP/1.1" 200 44 "http://localhost:3000/" "Mozilla/5.0 (X11; Linux x86_64) AppleWebKit/537.36 (KHTML, like Gecko) Chrome/51.0.2704.79 Safari/537.36"
::1 - - [14/Jul/2016:19:03:19 +0000] "POST /todos HTTP/1.1" 200 45 "http://localhost:3000/" "Mozilla/5.0 (X11; Linux x86_64) AppleWebKit/537.36 (KHTML, like Gecko) Chrome/51.0.2704.79 Safari/537.36"
::1 - - [14/Jul/2016:19:03:22 +0000] "POST /todos HTTP/1.1" 200 44 "http://localhost:3000/" "Mozilla/5.0 (X11; Linux x86_64) AppleWebKit/537.36 (KHTML, like Gecko) Chrome/51.0.2704.79 Safari/537.36"
::1 - - [14/Jul/2016:19:03:26 +0000] "POST /todos HTTP/1.1" 200 44 "http://localhost:3000/" "Mozilla/5.0 (X11; Linux x86_64) AppleWebKit/537.36 (KHTML, like Gecko) Chrome/51.0.2704.79 Safari/537.36"
::1 - - [14/Jul/2016:19:03:29 +0000] "POST /todos HTTP/1.1" 200 42 "http://localhost:3000/" "Mozilla/5.0 (X11; Linux x86_64) AppleWebKit/537.36 (KHTML, like Gecko) Chrome/51.0.2704.79 Safari/537.36"
::1 - - [14/Jul/2016:19:03:32 +0000] "POST /todos HTTP/1.1" 200 41 "http://localhost:3000/" "Mozilla/5.0 (X11; Linux x86_64) AppleWebKit/537.36 (KHTML, like Gecko) Chrome/51.0.2704.79 Safari/537.36"
::1 - - [14/Jul/2016:19:03:36 +0000] "POST /todos HTTP/1.1" 200 45 "http://localhost:3000/" "Mozilla/5.0 (X11; Linux x86_64) AppleWebKit/537.36 (KHTML, like Gecko) Chrome/51.0.2704.79 Safari/537.36"
::1 - - [14/Jul/2016:19:03:46 +0000] "POST /todos HTTP/1.1" 200 47 "http://localhost:3000/" "Mozilla/5.0 (X11; Linux x86_64) AppleWebKit/537.36 (KHTML, like Gecko) Chrome/51.0.2704.79 Safari/537.36"
::1 - - [14/Jul/2016:19:04:11 +0000] "POST /todos HTTP/1.1" 200 45 "http://localhost:3000/" "Mozilla/5.0 (X11; Linux x86_64) AppleWebKit/537.36 (KHTML, like Gecko) Chrome/51.0.2704.79 Safari/537.36"
::1 - - [14/Jul/2016:19:04:13 +0000] "POST /todos HTTP/1.1" 200 44 "http://localhost:3000/" "Mozilla/5.0 (X11; Linux x86_64) AppleWebKit/537.36 (KHTML, like Gecko) Chrome/51.0.2704.79 Safari/537.36"
